###############################################################################
#                                                                             #
# IAR ANSI C/C++ Compiler V6.40.1.53790/W32 for ARM     03/Aug/2015  09:48:13 #
# Copyright 1999-2012 IAR Systems AB.                                         #
#                                                                             #
#    Cpu mode     =  thumb                                                    #
#    Endian       =  little                                                   #
#    Source file  =  C:\Users\Thinkpad\Desktop\quadrotor150720飞行器跟随小车( #
#                    改I2C)\src\Sources\C\Component_C\hw_gpio.c               #
#    Command line =  "C:\Users\Thinkpad\Desktop\quadrotor150720飞行器跟随小车 #
#                    (改I2C)\src\Sources\C\Component_C\hw_gpio.c" -D IAR -D   #
#                    TWR_K60N512 -lCN "C:\Users\Thinkpad\Desktop\quadrotor150 #
#                    720飞行器跟随小车(改I2C)\bin\Flash\List\" -lB            #
#                    "C:\Users\Thinkpad\Desktop\quadrotor150720飞行器跟随小车 #
#                    (改I2C)\bin\Flash\List\" -o                              #
#                    "C:\Users\Thinkpad\Desktop\quadrotor150720飞行器跟随小车 #
#                    (改I2C)\bin\Flash\Obj\" --no_cse --no_unroll             #
#                    --no_inline --no_code_motion --no_tbaa --no_clustering   #
#                    --no_scheduling --debug --endian=little --cpu=Cortex-M4  #
#                    -e --fpu=None --dlib_config "E:\Program Files\IAR        #
#                    Systems\Embedded Workbench 6.4\arm\INC\c\DLib_Config_Nor #
#                    mal.h" -I "C:\Users\Thinkpad\Desktop\quadrotor150720飞行 #
#                    器跟随小车(改I2C)\src\Sources\H\" -I                     #
#                    "C:\Users\Thinkpad\Desktop\quadrotor150720飞行器跟随小车 #
#                    (改I2C)\src\Sources\H\Component_H\" -I                   #
#                    "C:\Users\Thinkpad\Desktop\quadrotor150720飞行器跟随小车 #
#                    (改I2C)\src\Sources\H\Frame_H\" -Ol --use_c++_inline     #
#    List file    =  C:\Users\Thinkpad\Desktop\quadrotor150720飞行器跟随小车( #
#                    改I2C)\bin\Flash\List\hw_gpio.lst                        #
#    Object file  =  C:\Users\Thinkpad\Desktop\quadrotor150720飞行器跟随小车( #
#                    改I2C)\bin\Flash\Obj\hw_gpio.o                           #
#                                                                             #
#                                                                             #
###############################################################################

C:\Users\Thinkpad\Desktop\quadrotor150720飞行器跟随小车(改I2C)\src\Sources\C\Component_C\hw_gpio.c
      1          //===========================================================================
      2          //文件名称：hw_gpio.c
      3          //功能概要：K60 GPIO底层驱动程序文件
      4          //===========================================================================
      5          
      6          #include "hw_gpio.h"
      7          
      8          //=================内部函数声明===============================================
      9          
     10          //===========================================================================
     11          //函数名称：hw_gpio_get_port_addr
     12          //函数返回：端口号对应的端口寄存器组指针
     13          //参数说明：无
     14          //功能概要：将端口号转换成端口寄存器组指针。内部调用。
     15          //===========================================================================
     16          static PORT_MemMapPtr hw_gpio_get_port_addr(uint8 port);
     17          
     18          //===========================================================================
     19          //函数名称：hw_gpio_get_pt_addr
     20          //函数返回：端口号对应的GPIO端口寄存器组指针
     21          //参数说明：无
     22          //功能概要：将端口号转换成端口寄存器组指针。内部调用。
     23          //============================================================================
     24          static GPIO_MemMapPtr hw_gpio_get_pt_addr(uint8 port);
     25          
     26          //===========================================================================
     27          
     28          
     29          //=================接口函数实现===============================================
     30          
     31          //===========================================================================
     32          //函数名称：hw_gpio_init
     33          //函数返回：函数执行状态。0=成功，其它为异常。
     34          //参数说明：port：端口号。由宏定义。
     35          //          pin：引脚号。0～31。
     36          //          dir：引脚方向。 1=输出，0=输入。
     37          //          state：引脚初始状态。1=高电平，0=低电平
     38          //功能概要：初始化端口作为GPIO引脚的功能。
     39          //===========================================================================

   \                                 In section .text, align 2, keep-with-next
     40          uint8 hw_gpio_init(uint8 port, uint8 pin, uint8 dir, uint8 state)
     41          {
   \                     hw_gpio_init:
   \   00000000   0xE92D 0x41F0      PUSH     {R4-R8,LR}
   \   00000004   0x0007             MOVS     R7,R0
   \   00000006   0x000C             MOVS     R4,R1
   \   00000008   0x4690             MOV      R8,R2
   \   0000000A   0x001D             MOVS     R5,R3
     42              //将GPIO端口号转换成端口寄存器组指针
     43              GPIO_MemMapPtr pt = hw_gpio_get_pt_addr(port);
   \   0000000C   0x0038             MOVS     R0,R7
   \   0000000E   0xB2C0             UXTB     R0,R0            ;; ZeroExt  R0,R0,#+24,#+24
   \   00000010   0x.... 0x....      BL       hw_gpio_get_pt_addr
   \   00000014   0x0006             MOVS     R6,R0
     44              PORT_MemMapPtr p  = hw_gpio_get_port_addr(port);
   \   00000016   0x0038             MOVS     R0,R7
   \   00000018   0xB2C0             UXTB     R0,R0            ;; ZeroExt  R0,R0,#+24,#+24
   \   0000001A   0x.... 0x....      BL       hw_gpio_get_port_addr
     45              
     46              if (!p) return 1;  //参数错误
   \   0000001E   0x2800             CMP      R0,#+0
   \   00000020   0xD101             BNE.N    ??hw_gpio_init_0
   \   00000022   0x2001             MOVS     R0,#+1
   \   00000024   0xE023             B.N      ??hw_gpio_init_1
     47               
     48              //设定通用端口引脚控制寄存器的值，设定为GPIO功能
     49              PORT_PCR_REG(p, pin) = (0|PORT_PCR_MUX(1));
   \                     ??hw_gpio_init_0:
   \   00000026   0xB2E4             UXTB     R4,R4            ;; ZeroExt  R4,R4,#+24,#+24
   \   00000028   0xF44F 0x7180      MOV      R1,#+256
   \   0000002C   0xF840 0x1024      STR      R1,[R0, R4, LSL #+2]
     50          
     51              if(dir == 1) //若引脚被定义为输出
   \   00000030   0xFA5F 0xF888      UXTB     R8,R8            ;; ZeroExt  R8,R8,#+24,#+24
   \   00000034   0xF1B8 0x0F01      CMP      R8,#+1
   \   00000038   0xD113             BNE.N    ??hw_gpio_init_2
     52              {
     53                  GPIO_PDDR_REG(pt) |= (1<<pin);
   \   0000003A   0x6970             LDR      R0,[R6, #+20]
   \   0000003C   0x2101             MOVS     R1,#+1
   \   0000003E   0x40A1             LSLS     R1,R1,R4
   \   00000040   0x4308             ORRS     R0,R1,R0
   \   00000042   0x6170             STR      R0,[R6, #+20]
     54              	 
     55              	  //设定引脚初始化状态
     56                  if(state == 1)
   \   00000044   0xB2ED             UXTB     R5,R5            ;; ZeroExt  R5,R5,#+24,#+24
   \   00000046   0x2D01             CMP      R5,#+1
   \   00000048   0xD105             BNE.N    ??hw_gpio_init_3
     57          		    BSET(pin, GPIO_PDOR_REG(pt));
   \   0000004A   0x6830             LDR      R0,[R6, #+0]
   \   0000004C   0x2101             MOVS     R1,#+1
   \   0000004E   0x40A1             LSLS     R1,R1,R4
   \   00000050   0x4308             ORRS     R0,R1,R0
   \   00000052   0x6030             STR      R0,[R6, #+0]
   \   00000054   0xE00A             B.N      ??hw_gpio_init_4
     58                  else
     59                  	BCLR(pin, GPIO_PDOR_REG(pt));
   \                     ??hw_gpio_init_3:
   \   00000056   0x6830             LDR      R0,[R6, #+0]
   \   00000058   0x2101             MOVS     R1,#+1
   \   0000005A   0x40A1             LSLS     R1,R1,R4
   \   0000005C   0x4388             BICS     R0,R0,R1
   \   0000005E   0x6030             STR      R0,[R6, #+0]
   \   00000060   0xE004             B.N      ??hw_gpio_init_4
     60              }
     61              else //若引脚被定义为输入 
     62              {
     63              	BCLR(pin, GPIO_PDDR_REG(pt));
   \                     ??hw_gpio_init_2:
   \   00000062   0x6970             LDR      R0,[R6, #+20]
   \   00000064   0x2101             MOVS     R1,#+1
   \   00000066   0x40A1             LSLS     R1,R1,R4
   \   00000068   0x4388             BICS     R0,R0,R1
   \   0000006A   0x6170             STR      R0,[R6, #+20]
     64              }
     65          
     66              return 0;  //成功返回
   \                     ??hw_gpio_init_4:
   \   0000006C   0x2000             MOVS     R0,#+0
   \                     ??hw_gpio_init_1:
   \   0000006E   0xE8BD 0x81F0      POP      {R4-R8,PC}       ;; return
     67          }
     68          
     69          //===========================================================================
     70          //函数名称：hw_gpio_set
     71          //函数返回：无
     72          //参数说明：port：端口号。由宏定义。
     73          //          pin：引脚号。0～31。
     74          //          state：引脚初始状态。1=高电平，0=低电平
     75          //功能概要：获取指定引脚状态。
     76          //===========================================================================

   \                                 In section .text, align 2, keep-with-next
     77          void hw_gpio_set(uint8 port, uint8 pin, uint8 state)
     78          {
   \                     hw_gpio_set:
   \   00000000   0xB538             PUSH     {R3-R5,LR}
   \   00000002   0x000C             MOVS     R4,R1
   \   00000004   0x0015             MOVS     R5,R2
     79              //将GPIO端口号转换成端口寄存器组指针
     80              GPIO_MemMapPtr pt = hw_gpio_get_pt_addr(port);
   \   00000006   0xB2C0             UXTB     R0,R0            ;; ZeroExt  R0,R0,#+24,#+24
   \   00000008   0x.... 0x....      BL       hw_gpio_get_pt_addr
     81          	  
     82          	if (state == 0) //控制为低电平
   \   0000000C   0xB2ED             UXTB     R5,R5            ;; ZeroExt  R5,R5,#+24,#+24
   \   0000000E   0x2D00             CMP      R5,#+0
   \   00000010   0xD105             BNE.N    ??hw_gpio_set_0
     83                  BCLR(pin, GPIO_PDOR_REG(pt));
   \   00000012   0x6801             LDR      R1,[R0, #+0]
   \   00000014   0x2201             MOVS     R2,#+1
   \   00000016   0x40A2             LSLS     R2,R2,R4
   \   00000018   0x4391             BICS     R1,R1,R2
   \   0000001A   0x6001             STR      R1,[R0, #+0]
   \   0000001C   0xE004             B.N      ??hw_gpio_set_1
     84              else            //控制为高电平
     85                  BSET(pin, GPIO_PDOR_REG(pt));
   \                     ??hw_gpio_set_0:
   \   0000001E   0x6801             LDR      R1,[R0, #+0]
   \   00000020   0x2201             MOVS     R2,#+1
   \   00000022   0x40A2             LSLS     R2,R2,R4
   \   00000024   0x4311             ORRS     R1,R2,R1
   \   00000026   0x6001             STR      R1,[R0, #+0]
     86          }
   \                     ??hw_gpio_set_1:
   \   00000028   0xBD31             POP      {R0,R4,R5,PC}    ;; return
     87          
     88          //===========================================================================
     89          //函数名称：hw_gpio_get
     90          //函数返回：指定引脚状态。0=低电平，1=高电平。
     91          //参数说明：port：端口号。由宏定义。
     92          //          pin：引脚号。0～31。
     93          //功能概要：获取指定引脚状态。
     94          //===========================================================================

   \                                 In section .text, align 2, keep-with-next
     95          uint8 hw_gpio_get(uint8 port, uint8 pin)
     96          {
   \                     hw_gpio_get:
   \   00000000   0xB510             PUSH     {R4,LR}
   \   00000002   0x000C             MOVS     R4,R1
     97          	uint8 i; 
     98          	//将GPIO端口号转换成端口寄存器组指针
     99          	GPIO_MemMapPtr pt = hw_gpio_get_pt_addr(port);
   \   00000004   0xB2C0             UXTB     R0,R0            ;; ZeroExt  R0,R0,#+24,#+24
   \   00000006   0x.... 0x....      BL       hw_gpio_get_pt_addr
    100          	//查看引脚状态
    101          	i = BGET(pin, GPIO_PDIR_REG(pt));
   \   0000000A   0x6900             LDR      R0,[R0, #+16]
   \   0000000C   0x40E0             LSRS     R0,R0,R4
   \   0000000E   0xF010 0x0001      ANDS     R0,R0,#0x1
    102          	return i;     //返回引脚状态（0或1）
   \   00000012   0xB2C0             UXTB     R0,R0            ;; ZeroExt  R0,R0,#+24,#+24
   \   00000014   0xBD10             POP      {R4,PC}          ;; return
    103          }
    104          
    105          //===========================================================================
    106          //函数名称：hw_gpio_reverse
    107          //函数返回：无
    108          //参数说明：port：端口号。由宏定义。
    109          //          pin：引脚号。0～31。
    110          //功能概要：反转指定引脚状态。
    111          //===========================================================================

   \                                 In section .text, align 2, keep-with-next
    112          void hw_gpio_reverse(uint8 port, uint8 pin)
    113          {
   \                     hw_gpio_reverse:
   \   00000000   0xB510             PUSH     {R4,LR}
   \   00000002   0x000C             MOVS     R4,R1
    114              //将GPIO端口号转换成端口寄存器组指针
    115              GPIO_MemMapPtr pt = hw_gpio_get_pt_addr(port);
   \   00000004   0xB2C0             UXTB     R0,R0            ;; ZeroExt  R0,R0,#+24,#+24
   \   00000006   0x.... 0x....      BL       hw_gpio_get_pt_addr
    116          	//设置输出取反寄存器的相应位为1，反转指定引脚状态  
    117              BSET(pin, GPIO_PTOR_REG(pt));
   \   0000000A   0x68C1             LDR      R1,[R0, #+12]
   \   0000000C   0x2201             MOVS     R2,#+1
   \   0000000E   0x40A2             LSLS     R2,R2,R4
   \   00000010   0x4311             ORRS     R1,R2,R1
   \   00000012   0x60C1             STR      R1,[R0, #+12]
    118          }
   \   00000014   0xBD10             POP      {R4,PC}          ;; return
    119          
    120          
    121          //=================内部函数实现===============================================
    122          //===========================================================================
    123          //函数名称：hw_gpio_get_port_addr
    124          //函数返回：端口号对应的端口寄存器组指针
    125          //参数说明：无
    126          //功能概要：将端口号转换成端口寄存器组指针。内部调用。
    127          //===========================================================================

   \                                 In section .text, align 2, keep-with-next
    128          PORT_MemMapPtr hw_gpio_get_port_addr (uint8 port)
    129          {
    130          	PORT_MemMapPtr p;
    131              
    132              switch(port)
   \                     hw_gpio_get_port_addr:
   \   00000000   0xB2C0             UXTB     R0,R0            ;; ZeroExt  R0,R0,#+24,#+24
   \   00000002   0x2800             CMP      R0,#+0
   \   00000004   0xD006             BEQ.N    ??hw_gpio_get_port_addr_0
   \   00000006   0x2802             CMP      R0,#+2
   \   00000008   0xD008             BEQ.N    ??hw_gpio_get_port_addr_1
   \   0000000A   0xD305             BCC.N    ??hw_gpio_get_port_addr_2
   \   0000000C   0x2804             CMP      R0,#+4
   \   0000000E   0xD009             BEQ.N    ??hw_gpio_get_port_addr_3
   \   00000010   0xD306             BCC.N    ??hw_gpio_get_port_addr_4
   \   00000012   0xE009             B.N      ??hw_gpio_get_port_addr_5
    133              {
    134              case PORT_A:
    135                  p = PORTA_BASE_PTR;
   \                     ??hw_gpio_get_port_addr_0:
   \   00000014   0x....             LDR.N    R0,??DataTable1  ;; 0x40049000
    136                  break;
    137              case PORT_B:
    138                  p = PORTB_BASE_PTR;
    139                  break;
    140              case PORT_C:
    141                  p = PORTC_BASE_PTR;
    142                  break;
    143              case PORT_D:
    144                  p = PORTD_BASE_PTR;
    145                  break;
    146              case PORT_E:
    147                  p = PORTE_BASE_PTR;
    148                  break;
    149              default:
    150                  return 0; //输入参数无效返回
    151              }
    152              
    153              return p;
   \                     ??hw_gpio_get_port_addr_6:
   \                     ??hw_gpio_get_port_addr_7:
   \   00000016   0x4770             BX       LR               ;; return
   \                     ??hw_gpio_get_port_addr_2:
   \   00000018   0x....             LDR.N    R0,??DataTable1_1  ;; 0x4004a000
   \   0000001A   0xE7FC             B.N      ??hw_gpio_get_port_addr_6
   \                     ??hw_gpio_get_port_addr_1:
   \   0000001C   0x....             LDR.N    R0,??DataTable1_2  ;; 0x4004b000
   \   0000001E   0xE7FA             B.N      ??hw_gpio_get_port_addr_6
   \                     ??hw_gpio_get_port_addr_4:
   \   00000020   0x....             LDR.N    R0,??DataTable1_3  ;; 0x4004c000
   \   00000022   0xE7F8             B.N      ??hw_gpio_get_port_addr_6
   \                     ??hw_gpio_get_port_addr_3:
   \   00000024   0x....             LDR.N    R0,??DataTable1_4  ;; 0x4004d000
   \   00000026   0xE7F6             B.N      ??hw_gpio_get_port_addr_6
   \                     ??hw_gpio_get_port_addr_5:
   \   00000028   0x2000             MOVS     R0,#+0
   \   0000002A   0xE7F4             B.N      ??hw_gpio_get_port_addr_7
    154          }
    155          
    156          //===========================================================================
    157          //函数名称：hw_gpio_get_pt_addr
    158          //函数返回：端口号对应的GPIO端口寄存器组指针
    159          //参数说明：无
    160          //功能概要：将端口号转换成端口寄存器组指针。内部调用。
    161          //===========================================================================

   \                                 In section .text, align 2, keep-with-next
    162          GPIO_MemMapPtr hw_gpio_get_pt_addr(uint8 port)
    163          {
    164          	GPIO_MemMapPtr p;
    165              
    166              switch(port)
   \                     hw_gpio_get_pt_addr:
   \   00000000   0xB2C0             UXTB     R0,R0            ;; ZeroExt  R0,R0,#+24,#+24
   \   00000002   0x2800             CMP      R0,#+0
   \   00000004   0xD006             BEQ.N    ??hw_gpio_get_pt_addr_0
   \   00000006   0x2802             CMP      R0,#+2
   \   00000008   0xD008             BEQ.N    ??hw_gpio_get_pt_addr_1
   \   0000000A   0xD305             BCC.N    ??hw_gpio_get_pt_addr_2
   \   0000000C   0x2804             CMP      R0,#+4
   \   0000000E   0xD009             BEQ.N    ??hw_gpio_get_pt_addr_3
   \   00000010   0xD306             BCC.N    ??hw_gpio_get_pt_addr_4
   \   00000012   0xE009             B.N      ??hw_gpio_get_pt_addr_5
    167              {
    168              case PORT_A:
    169                  p = PTA_BASE_PTR;
   \                     ??hw_gpio_get_pt_addr_0:
   \   00000014   0x....             LDR.N    R0,??DataTable1_5  ;; 0x400ff000
    170                  break;
    171              case PORT_B:
    172                  p = PTB_BASE_PTR;
    173                  break;
    174              case PORT_C:
    175                  p = PTC_BASE_PTR;
    176                  break;
    177              case PORT_D:
    178                  p = PTD_BASE_PTR;
    179                  break;
    180              case PORT_E:
    181                  p = PTE_BASE_PTR;
    182                  break;
    183              default:
    184                  return 0; //输入参数无效返回
    185              }
    186              
    187              return p;
   \                     ??hw_gpio_get_pt_addr_6:
   \                     ??hw_gpio_get_pt_addr_7:
   \   00000016   0x4770             BX       LR               ;; return
   \                     ??hw_gpio_get_pt_addr_2:
   \   00000018   0x....             LDR.N    R0,??DataTable1_6  ;; 0x400ff040
   \   0000001A   0xE7FC             B.N      ??hw_gpio_get_pt_addr_6
   \                     ??hw_gpio_get_pt_addr_1:
   \   0000001C   0x....             LDR.N    R0,??DataTable1_7  ;; 0x400ff080
   \   0000001E   0xE7FA             B.N      ??hw_gpio_get_pt_addr_6
   \                     ??hw_gpio_get_pt_addr_4:
   \   00000020   0x....             LDR.N    R0,??DataTable1_8  ;; 0x400ff0c0
   \   00000022   0xE7F8             B.N      ??hw_gpio_get_pt_addr_6
   \                     ??hw_gpio_get_pt_addr_3:
   \   00000024   0x....             LDR.N    R0,??DataTable1_9  ;; 0x400ff100
   \   00000026   0xE7F6             B.N      ??hw_gpio_get_pt_addr_6
   \                     ??hw_gpio_get_pt_addr_5:
   \   00000028   0x2000             MOVS     R0,#+0
   \   0000002A   0xE7F4             B.N      ??hw_gpio_get_pt_addr_7
    188          }

   \                                 In section .text, align 4, keep-with-next
   \                     ??DataTable1:
   \   00000000   0x40049000         DC32     0x40049000

   \                                 In section .text, align 4, keep-with-next
   \                     ??DataTable1_1:
   \   00000000   0x4004A000         DC32     0x4004a000

   \                                 In section .text, align 4, keep-with-next
   \                     ??DataTable1_2:
   \   00000000   0x4004B000         DC32     0x4004b000

   \                                 In section .text, align 4, keep-with-next
   \                     ??DataTable1_3:
   \   00000000   0x4004C000         DC32     0x4004c000

   \                                 In section .text, align 4, keep-with-next
   \                     ??DataTable1_4:
   \   00000000   0x4004D000         DC32     0x4004d000

   \                                 In section .text, align 4, keep-with-next
   \                     ??DataTable1_5:
   \   00000000   0x400FF000         DC32     0x400ff000

   \                                 In section .text, align 4, keep-with-next
   \                     ??DataTable1_6:
   \   00000000   0x400FF040         DC32     0x400ff040

   \                                 In section .text, align 4, keep-with-next
   \                     ??DataTable1_7:
   \   00000000   0x400FF080         DC32     0x400ff080

   \                                 In section .text, align 4, keep-with-next
   \                     ??DataTable1_8:
   \   00000000   0x400FF0C0         DC32     0x400ff0c0

   \                                 In section .text, align 4, keep-with-next
   \                     ??DataTable1_9:
   \   00000000   0x400FF100         DC32     0x400ff100
    189          
    190          //===========================================================================

   Maximum stack usage in bytes:

   .cstack Function
   ------- --------
        8  hw_gpio_get
              8 -> hw_gpio_get_pt_addr
        0  hw_gpio_get_port_addr
        0  hw_gpio_get_pt_addr
       24  hw_gpio_init
             24 -> hw_gpio_get_port_addr
             24 -> hw_gpio_get_pt_addr
        8  hw_gpio_reverse
              8 -> hw_gpio_get_pt_addr
       16  hw_gpio_set
             16 -> hw_gpio_get_pt_addr


   Section sizes:

   Bytes  Function/Label
   -----  --------------
       4  ??DataTable1
       4  ??DataTable1_1
       4  ??DataTable1_2
       4  ??DataTable1_3
       4  ??DataTable1_4
       4  ??DataTable1_5
       4  ??DataTable1_6
       4  ??DataTable1_7
       4  ??DataTable1_8
       4  ??DataTable1_9
      22  hw_gpio_get
      44  hw_gpio_get_port_addr
      44  hw_gpio_get_pt_addr
     114  hw_gpio_init
      22  hw_gpio_reverse
      42  hw_gpio_set

 
 328 bytes in section .text
 
 328 bytes of CODE memory

Errors: none
Warnings: none
