###############################################################################
#                                                                             #
# IAR ANSI C/C++ Compiler V6.40.1.53790/W32 for ARM     03/Aug/2015  09:48:16 #
# Copyright 1999-2012 IAR Systems AB.                                         #
#                                                                             #
#    Cpu mode     =  thumb                                                    #
#    Endian       =  little                                                   #
#    Source file  =  C:\Users\Thinkpad\Desktop\quadrotor150720飞行器跟随小车( #
#                    改I2C)\src\Sources\C\Component_C\uart.c                  #
#    Command line =  "C:\Users\Thinkpad\Desktop\quadrotor150720飞行器跟随小车 #
#                    (改I2C)\src\Sources\C\Component_C\uart.c" -D IAR -D      #
#                    TWR_K60N512 -lCN "C:\Users\Thinkpad\Desktop\quadrotor150 #
#                    720飞行器跟随小车(改I2C)\bin\Flash\List\" -lB            #
#                    "C:\Users\Thinkpad\Desktop\quadrotor150720飞行器跟随小车 #
#                    (改I2C)\bin\Flash\List\" -o                              #
#                    "C:\Users\Thinkpad\Desktop\quadrotor150720飞行器跟随小车 #
#                    (改I2C)\bin\Flash\Obj\" --no_cse --no_unroll             #
#                    --no_inline --no_code_motion --no_tbaa --no_clustering   #
#                    --no_scheduling --debug --endian=little --cpu=Cortex-M4  #
#                    -e --fpu=None --dlib_config "E:\Program Files\IAR        #
#                    Systems\Embedded Workbench 6.4\arm\INC\c\DLib_Config_Nor #
#                    mal.h" -I "C:\Users\Thinkpad\Desktop\quadrotor150720飞行 #
#                    器跟随小车(改I2C)\src\Sources\H\" -I                     #
#                    "C:\Users\Thinkpad\Desktop\quadrotor150720飞行器跟随小车 #
#                    (改I2C)\src\Sources\H\Component_H\" -I                   #
#                    "C:\Users\Thinkpad\Desktop\quadrotor150720飞行器跟随小车 #
#                    (改I2C)\src\Sources\H\Frame_H\" -Ol --use_c++_inline     #
#    List file    =  C:\Users\Thinkpad\Desktop\quadrotor150720飞行器跟随小车( #
#                    改I2C)\bin\Flash\List\uart.lst                           #
#    Object file  =  C:\Users\Thinkpad\Desktop\quadrotor150720飞行器跟随小车( #
#                    改I2C)\bin\Flash\Obj\uart.o                              #
#                                                                             #
#                                                                             #
###############################################################################

C:\Users\Thinkpad\Desktop\quadrotor150720飞行器跟随小车(改I2C)\src\Sources\C\Component_C\uart.c
      1          //-------------------------------------------------------------------------*
      2          // 文件名: uart.c                                                          *
      3          // 说  明: uart构件源文件                                                  *
      4          //-------------------------------------------------------------------------*
      5          
      6          #include "uart.h"
      7          
      8          //-------------------------------------------------------------------------*
      9          //函数名: uart_init                                                        *
     10          //功  能: 初始化uartx模块。                                                *
     11          //参  数: uartch:串口号                                                    *
     12          //        sysclk:系统总线时钟，以MHz为单位                                 *
     13          //        baud:波特率，如9600，38400等，一般来说，速度越慢，通信越稳       *
     14          //返  回: 无                                                               *
     15          //说  明:                                                                  *
     16          //-------------------------------------------------------------------------*

   \                                 In section .text, align 2, keep-with-next
     17          void uart_init (UART_MemMapPtr uartch, uint32 sysclk, uint32 baud)
     18          {
   \                     uart_init:
   \   00000000   0xB430             PUSH     {R4,R5}
     19          	register uint16 sbr, brfa;
     20          	uint8 temp;
     21          
     22          	//使能引脚
     23          	if (uartch == UART0_BASE_PTR)
   \   00000002   0x.... 0x....      LDR.W    R3,??DataTable2  ;; 0x4006a000
   \   00000006   0x4298             CMP      R0,R3
   \   00000008   0xD10A             BNE.N    ??uart_init_0
     24          	{
     25          		//在PTD6上使能UART0_TXD功能
     26          		PORTD_PCR6 = PORT_PCR_MUX(0x3);
   \   0000000A   0x.... 0x....      LDR.W    R3,??DataTable2_1  ;; 0x4004c018
   \   0000000E   0xF44F 0x7440      MOV      R4,#+768
   \   00000012   0x601C             STR      R4,[R3, #+0]
     27          		//在PTD7上使能UART0_RXD
     28          		PORTD_PCR7 = PORT_PCR_MUX(0x3); 
   \   00000014   0x.... 0x....      LDR.W    R3,??DataTable2_2  ;; 0x4004c01c
   \   00000018   0xF44F 0x7440      MOV      R4,#+768
   \   0000001C   0x601C             STR      R4,[R3, #+0]
   \   0000001E   0xE03F             B.N      ??uart_init_1
     29          	}else if (uartch == UART1_BASE_PTR)
   \                     ??uart_init_0:
   \   00000020   0x.... 0x....      LDR.W    R3,??DataTable2_3  ;; 0x4006b000
   \   00000024   0x4298             CMP      R0,R3
   \   00000026   0xD10A             BNE.N    ??uart_init_2
     30          	{
     31          		//在PTC4上使能UART1_TXD功能
     32          		PORTC_PCR4 = PORT_PCR_MUX(0x3); 
   \   00000028   0x.... 0x....      LDR.W    R3,??DataTable2_4  ;; 0x4004b010
   \   0000002C   0xF44F 0x7440      MOV      R4,#+768
   \   00000030   0x601C             STR      R4,[R3, #+0]
     33          		
     34          		//在PTC3上使能UART1_RXD
     35          		PORTC_PCR3 = PORT_PCR_MUX(0x3); 
   \   00000032   0x.... 0x....      LDR.W    R3,??DataTable2_5  ;; 0x4004b00c
   \   00000036   0xF44F 0x7440      MOV      R4,#+768
   \   0000003A   0x601C             STR      R4,[R3, #+0]
   \   0000003C   0xE030             B.N      ??uart_init_1
     36          	}else if (uartch == UART2_BASE_PTR)
   \                     ??uart_init_2:
   \   0000003E   0x.... 0x....      LDR.W    R3,??DataTable2_6  ;; 0x4006c000
   \   00000042   0x4298             CMP      R0,R3
   \   00000044   0xD109             BNE.N    ??uart_init_3
     37          	{
     38          		//在PTD3上使能UART2_TXD功能
     39          		PORTD_PCR3 = PORT_PCR_MUX(0x3); 
   \   00000046   0x.... 0x....      LDR.W    R3,??DataTable2_7  ;; 0x4004c00c
   \   0000004A   0xF44F 0x7440      MOV      R4,#+768
   \   0000004E   0x601C             STR      R4,[R3, #+0]
     40          		//在PTD2上使能UART2_RXD
     41          		PORTD_PCR2 = PORT_PCR_MUX(0x3); 
   \   00000050   0x....             LDR.N    R3,??DataTable2_8  ;; 0x4004c008
   \   00000052   0xF44F 0x7440      MOV      R4,#+768
   \   00000056   0x601C             STR      R4,[R3, #+0]
   \   00000058   0xE022             B.N      ??uart_init_1
     42          	}else if (uartch == UART3_BASE_PTR)
   \                     ??uart_init_3:
   \   0000005A   0x....             LDR.N    R3,??DataTable2_9  ;; 0x4006d000
   \   0000005C   0x4298             CMP      R0,R3
   \   0000005E   0xD108             BNE.N    ??uart_init_4
     43          	{
     44          		//在PTC17上使能UART3_TXD功能
     45          		PORTC_PCR17 = PORT_PCR_MUX(0x3); 
   \   00000060   0x....             LDR.N    R3,??DataTable2_10  ;; 0x4004b044
   \   00000062   0xF44F 0x7440      MOV      R4,#+768
   \   00000066   0x601C             STR      R4,[R3, #+0]
     46          		//在PTC16上使能UART3_RXD
     47          		PORTC_PCR16 = PORT_PCR_MUX(0x3); 
   \   00000068   0x....             LDR.N    R3,??DataTable2_11  ;; 0x4004b040
   \   0000006A   0xF44F 0x7440      MOV      R4,#+768
   \   0000006E   0x601C             STR      R4,[R3, #+0]
   \   00000070   0xE016             B.N      ??uart_init_1
     48          	}else if (uartch == UART4_BASE_PTR)
   \                     ??uart_init_4:
   \   00000072   0x....             LDR.N    R3,??DataTable2_12  ;; 0x400ea000
   \   00000074   0x4298             CMP      R0,R3
   \   00000076   0xD108             BNE.N    ??uart_init_5
     49          	{
     50          		//在PTE24上使能UART4_TXD功能
     51          		PORTE_PCR24 = PORT_PCR_MUX(0x3); 
   \   00000078   0x....             LDR.N    R3,??DataTable2_13  ;; 0x4004d060
   \   0000007A   0xF44F 0x7440      MOV      R4,#+768
   \   0000007E   0x601C             STR      R4,[R3, #+0]
     52          		//在PTE25上使能UART4_RXD
     53          		PORTE_PCR25 = PORT_PCR_MUX(0x3); 
   \   00000080   0x....             LDR.N    R3,??DataTable2_14  ;; 0x4004d064
   \   00000082   0xF44F 0x7440      MOV      R4,#+768
   \   00000086   0x601C             STR      R4,[R3, #+0]
   \   00000088   0xE00A             B.N      ??uart_init_1
     54          	}else if (uartch == UART5_BASE_PTR)
   \                     ??uart_init_5:
   \   0000008A   0x....             LDR.N    R3,??DataTable2_15  ;; 0x400eb000
   \   0000008C   0x4298             CMP      R0,R3
   \   0000008E   0xD107             BNE.N    ??uart_init_1
     55          	{
     56          		//在PTE8上使能UART5_TXD功能
     57          		PORTE_PCR8 = PORT_PCR_MUX(0x3); 
   \   00000090   0x....             LDR.N    R3,??DataTable2_16  ;; 0x4004d020
   \   00000092   0xF44F 0x7440      MOV      R4,#+768
   \   00000096   0x601C             STR      R4,[R3, #+0]
     58          		//在PTE9上使能UART5_RXD
     59          		PORTE_PCR9 = PORT_PCR_MUX(0x3); 
   \   00000098   0x....             LDR.N    R3,??DataTable2_17  ;; 0x4004d024
   \   0000009A   0xF44F 0x7440      MOV      R4,#+768
   \   0000009E   0x601C             STR      R4,[R3, #+0]
     60          	}
     61          	 
     62          	//使能串口时钟    
     63          	if(uartch == UART0_BASE_PTR)
   \                     ??uart_init_1:
   \   000000A0   0x....             LDR.N    R3,??DataTable2  ;; 0x4006a000
   \   000000A2   0x4298             CMP      R0,R3
   \   000000A4   0xD106             BNE.N    ??uart_init_6
     64          		SIM_SCGC4 |= SIM_SCGC4_UART0_MASK;
   \   000000A6   0x....             LDR.N    R3,??DataTable2_18  ;; 0x40048034
   \   000000A8   0x681B             LDR      R3,[R3, #+0]
   \   000000AA   0xF453 0x6380      ORRS     R3,R3,#0x400
   \   000000AE   0x....             LDR.N    R4,??DataTable2_18  ;; 0x40048034
   \   000000B0   0x6023             STR      R3,[R4, #+0]
   \   000000B2   0xE02D             B.N      ??uart_init_7
     65          	else
     66          		if (uartch == UART1_BASE_PTR)
   \                     ??uart_init_6:
   \   000000B4   0x....             LDR.N    R3,??DataTable2_3  ;; 0x4006b000
   \   000000B6   0x4298             CMP      R0,R3
   \   000000B8   0xD106             BNE.N    ??uart_init_8
     67          			SIM_SCGC4 |= SIM_SCGC4_UART1_MASK;
   \   000000BA   0x....             LDR.N    R3,??DataTable2_18  ;; 0x40048034
   \   000000BC   0x681B             LDR      R3,[R3, #+0]
   \   000000BE   0xF453 0x6300      ORRS     R3,R3,#0x800
   \   000000C2   0x....             LDR.N    R4,??DataTable2_18  ;; 0x40048034
   \   000000C4   0x6023             STR      R3,[R4, #+0]
   \   000000C6   0xE023             B.N      ??uart_init_7
     68          		else
     69          			if (uartch == UART2_BASE_PTR)
   \                     ??uart_init_8:
   \   000000C8   0x....             LDR.N    R3,??DataTable2_6  ;; 0x4006c000
   \   000000CA   0x4298             CMP      R0,R3
   \   000000CC   0xD106             BNE.N    ??uart_init_9
     70          				SIM_SCGC4 |= SIM_SCGC4_UART2_MASK;
   \   000000CE   0x....             LDR.N    R3,??DataTable2_18  ;; 0x40048034
   \   000000D0   0x681B             LDR      R3,[R3, #+0]
   \   000000D2   0xF453 0x5380      ORRS     R3,R3,#0x1000
   \   000000D6   0x....             LDR.N    R4,??DataTable2_18  ;; 0x40048034
   \   000000D8   0x6023             STR      R3,[R4, #+0]
   \   000000DA   0xE019             B.N      ??uart_init_7
     71          			else
     72          				if(uartch == UART3_BASE_PTR)
   \                     ??uart_init_9:
   \   000000DC   0x....             LDR.N    R3,??DataTable2_9  ;; 0x4006d000
   \   000000DE   0x4298             CMP      R0,R3
   \   000000E0   0xD106             BNE.N    ??uart_init_10
     73          					SIM_SCGC4 |= SIM_SCGC4_UART3_MASK;
   \   000000E2   0x....             LDR.N    R3,??DataTable2_18  ;; 0x40048034
   \   000000E4   0x681B             LDR      R3,[R3, #+0]
   \   000000E6   0xF453 0x5300      ORRS     R3,R3,#0x2000
   \   000000EA   0x....             LDR.N    R4,??DataTable2_18  ;; 0x40048034
   \   000000EC   0x6023             STR      R3,[R4, #+0]
   \   000000EE   0xE00F             B.N      ??uart_init_7
     74          				else
     75          					if(uartch == UART4_BASE_PTR)
   \                     ??uart_init_10:
   \   000000F0   0x....             LDR.N    R3,??DataTable2_12  ;; 0x400ea000
   \   000000F2   0x4298             CMP      R0,R3
   \   000000F4   0xD106             BNE.N    ??uart_init_11
     76          						SIM_SCGC1 |= SIM_SCGC1_UART4_MASK;
   \   000000F6   0x....             LDR.N    R3,??DataTable2_19  ;; 0x40048028
   \   000000F8   0x681B             LDR      R3,[R3, #+0]
   \   000000FA   0xF453 0x6380      ORRS     R3,R3,#0x400
   \   000000FE   0x....             LDR.N    R4,??DataTable2_19  ;; 0x40048028
   \   00000100   0x6023             STR      R3,[R4, #+0]
   \   00000102   0xE005             B.N      ??uart_init_7
     77          					else
     78          						SIM_SCGC1 |= SIM_SCGC1_UART5_MASK;
   \                     ??uart_init_11:
   \   00000104   0x....             LDR.N    R3,??DataTable2_19  ;; 0x40048028
   \   00000106   0x681B             LDR      R3,[R3, #+0]
   \   00000108   0xF453 0x6300      ORRS     R3,R3,#0x800
   \   0000010C   0x....             LDR.N    R4,??DataTable2_19  ;; 0x40048028
   \   0000010E   0x6023             STR      R3,[R4, #+0]
     79          								
     80          	//禁止发送接受
     81          	UART_C2_REG(uartch) &= ~(UART_C2_TE_MASK
     82          				| UART_C2_RE_MASK );
   \                     ??uart_init_7:
   \   00000110   0x78C3             LDRB     R3,[R0, #+3]
   \   00000112   0xF013 0x03F3      ANDS     R3,R3,#0xF3
   \   00000116   0x70C3             STRB     R3,[R0, #+3]
     83          	
     84          	//配置成8位无校验模式
     85          	UART_C1_REG(uartch) = 0;
   \   00000118   0x2300             MOVS     R3,#+0
   \   0000011A   0x7083             STRB     R3,[R0, #+2]
     86          	
     87          	//计算波特率，串口0、1使用内核时钟，其它串口使用外设时钟，系统时钟为
     88          	//外设时钟的2倍
     89          	if ((uartch == UART0_BASE_PTR) | (uartch == UART1_BASE_PTR))//
   \   0000011C   0x....             LDR.N    R3,??DataTable2  ;; 0x4006a000
   \   0000011E   0x4298             CMP      R0,R3
   \   00000120   0xD101             BNE.N    ??uart_init_12
   \   00000122   0x2301             MOVS     R3,#+1
   \   00000124   0xE000             B.N      ??uart_init_13
   \                     ??uart_init_12:
   \   00000126   0x2300             MOVS     R3,#+0
   \                     ??uart_init_13:
   \   00000128   0x....             LDR.N    R4,??DataTable2_3  ;; 0x4006b000
   \   0000012A   0x42A0             CMP      R0,R4
   \   0000012C   0xD101             BNE.N    ??uart_init_14
   \   0000012E   0x2401             MOVS     R4,#+1
   \   00000130   0xE000             B.N      ??uart_init_15
   \                     ??uart_init_14:
   \   00000132   0x2400             MOVS     R4,#+0
   \                     ??uart_init_15:
   \   00000134   0xB2DB             UXTB     R3,R3            ;; ZeroExt  R3,R3,#+24,#+24
   \   00000136   0xB2E4             UXTB     R4,R4            ;; ZeroExt  R4,R4,#+24,#+24
   \   00000138   0x4323             ORRS     R3,R4,R3
   \   0000013A   0x2B00             CMP      R3,#+0
   \   0000013C   0xD000             BEQ.N    ??uart_init_16
     90          		sysclk+=sysclk;
   \   0000013E   0x1849             ADDS     R1,R1,R1
     91          	
     92          	sbr = (uint16)((sysclk*1000)/(baud * 16));
   \                     ??uart_init_16:
   \   00000140   0xF44F 0x737A      MOV      R3,#+1000
   \   00000144   0xFB03 0xF301      MUL      R3,R3,R1
   \   00000148   0x0114             LSLS     R4,R2,#+4
   \   0000014A   0xFBB3 0xF3F4      UDIV     R3,R3,R4
     93          	temp = UART_BDH_REG(uartch) & ~(UART_BDH_SBR(0x1F));
   \   0000014E   0x7804             LDRB     R4,[R0, #+0]
   \   00000150   0xF014 0x04E0      ANDS     R4,R4,#0xE0
     94          	UART_BDH_REG(uartch) = temp |  UART_BDH_SBR(((sbr & 0x1F00) >> 8));
   \   00000154   0xB29B             UXTH     R3,R3            ;; ZeroExt  R3,R3,#+16,#+16
   \   00000156   0x0A1D             LSRS     R5,R3,#+8
   \   00000158   0xF015 0x051F      ANDS     R5,R5,#0x1F
   \   0000015C   0x432C             ORRS     R4,R5,R4
   \   0000015E   0x7004             STRB     R4,[R0, #+0]
     95          	UART_BDL_REG(uartch) = (uint8)(sbr & UART_BDL_SBR_MASK);
   \   00000160   0x7043             STRB     R3,[R0, #+1]
     96          	brfa = (((sysclk*32000)/(baud * 16)) - (sbr * 32));
   \   00000162   0xF44F 0x44FA      MOV      R4,#+32000
   \   00000166   0x4361             MULS     R1,R4,R1
   \   00000168   0x0112             LSLS     R2,R2,#+4
   \   0000016A   0xFBB1 0xF1F2      UDIV     R1,R1,R2
   \   0000016E   0xB29B             UXTH     R3,R3            ;; ZeroExt  R3,R3,#+16,#+16
   \   00000170   0xEBB1 0x1143      SUBS     R1,R1,R3, LSL #+5
     97          	temp = UART_C4_REG(uartch) & ~(UART_C4_BRFA(0x1F));
   \   00000174   0x7A82             LDRB     R2,[R0, #+10]
   \   00000176   0xF012 0x04E0      ANDS     R4,R2,#0xE0
     98          	UART_C4_REG(uartch) = temp |  UART_C4_BRFA(brfa);    
   \   0000017A   0xF011 0x011F      ANDS     R1,R1,#0x1F
   \   0000017E   0x4321             ORRS     R1,R1,R4
   \   00000180   0x7281             STRB     R1,[R0, #+10]
     99          	
    100          	//使能发送接受
    101          	UART_C2_REG(uartch) |= (UART_C2_TE_MASK
    102          				| UART_C2_RE_MASK );
   \   00000182   0x78C1             LDRB     R1,[R0, #+3]
   \   00000184   0xF051 0x010C      ORRS     R1,R1,#0xC
   \   00000188   0x70C1             STRB     R1,[R0, #+3]
    103          }
   \   0000018A   0xBC30             POP      {R4,R5}
   \   0000018C   0x4770             BX       LR               ;; return
    104          
    105          //-------------------------------------------------------------------------*
    106          //函数名: uart_re1                                                         *
    107          //功  能: 串行接受1个字节                                                  *
    108          //参  数: uartch: 串口号                                                   *
    109          //         ch:    接收到的字节                                             *
    110          //返  回: 成功:1;失败:0                                                    *
    111          //说  明:                                                                  *
    112          //-------------------------------------------------------------------------*

   \                                 In section .text, align 2, keep-with-next
    113          uint8 uart_re1 (UART_MemMapPtr uartch,uint8 *ch)
    114          {
    115              uint32 k;
    116              
    117              for (k = 0; k < 0xfbbb; k++)//有时间限制
   \                     uart_re1:
   \   00000000   0x2200             MOVS     R2,#+0
   \   00000002   0xE000             B.N      ??uart_re1_0
   \                     ??uart_re1_1:
   \   00000004   0x1C52             ADDS     R2,R2,#+1
   \                     ??uart_re1_0:
   \   00000006   0xF64F 0x33BB      MOVW     R3,#+64443
   \   0000000A   0x429A             CMP      R2,R3
   \   0000000C   0xD206             BCS.N    ??uart_re1_2
    118          		if((UART_S1_REG(uartch) & UART_S1_RDRF_MASK)!= 0)//判断接收缓冲区是否满
   \   0000000E   0x7903             LDRB     R3,[R0, #+4]
   \   00000010   0x069B             LSLS     R3,R3,#+26
   \   00000012   0xD5F7             BPL.N    ??uart_re1_1
    119          		{
    120          			*ch = UART_D_REG(uartch);
   \   00000014   0x79C0             LDRB     R0,[R0, #+7]
   \   00000016   0x7008             STRB     R0,[R1, #+0]
    121          			return 1; 			//接受成功
   \   00000018   0x2001             MOVS     R0,#+1
   \   0000001A   0xE006             B.N      ??uart_re1_3
    122          		} 
    123          	if(k>=0xfbbb) 
   \                     ??uart_re1_2:
   \   0000001C   0xF64F 0x30BB      MOVW     R0,#+64443
   \   00000020   0x4282             CMP      R2,R0
   \   00000022   0xD301             BCC.N    ??uart_re1_4
    124          	{
    125          		return 0;			//接受失败
   \   00000024   0x2000             MOVS     R0,#+0
   \   00000026   0xE000             B.N      ??uart_re1_3
    126          	} 
    127              return 0;
   \                     ??uart_re1_4:
   \   00000028   0x2000             MOVS     R0,#+0
   \                     ??uart_re1_3:
   \   0000002A   0x4770             BX       LR               ;; return
    128          }
    129          
    130          //-------------------------------------------------------------------------*
    131          //函数名: uart_send1                                                       *
    132          //功  能: 串行发送1个字节                                                  *
    133          //参  数: uartch: 串口号                                                   *
    134          //         ch:    要发送的字节                                             *
    135          //返  回: 无                                                               *
    136          //说  明:                                                                  *
    137          //-------------------------------------------------------------------------*

   \                                 In section .text, align 2, keep-with-next
    138          void uart_send1 (UART_MemMapPtr uartch, uint8 ch)
    139          {
    140              //等待发送缓冲区空
    141              while(!(UART_S1_REG(uartch) & UART_S1_TDRE_MASK));
   \                     uart_send1:
   \                     ??uart_send1_0:
   \   00000000   0x7902             LDRB     R2,[R0, #+4]
   \   00000002   0x0612             LSLS     R2,R2,#+24
   \   00000004   0xD5FC             BPL.N    ??uart_send1_0
    142              //发送数据
    143              UART_D_REG(uartch) = (uint8)ch;
   \   00000006   0x71C1             STRB     R1,[R0, #+7]
    144           }
   \   00000008   0x4770             BX       LR               ;; return
    145          
    146          //-------------------------------------------------------------------------*
    147          //函数名: uart_reN                                                         *
    148          //功  能: 串行 接收n个字节                                                 *
    149          //参  数: uartch: 串口号                                                   *
    150          //        buff: 接收缓冲区                                                 *
    151          //		  len:接收长度                                             *
    152          //返  回: 1:成功;0:失败                                                    *
    153          //说  明:                                                                  *
    154          //-------------------------------------------------------------------------*

   \                                 In section .text, align 2, keep-with-next
    155          uint8 uart_reN (UART_MemMapPtr uartch ,uint8* buff,uint16 len)
    156          {
   \                     uart_reN:
   \   00000000   0xB5F8             PUSH     {R3-R7,LR}
   \   00000002   0x0004             MOVS     R4,R0
   \   00000004   0x000D             MOVS     R5,R1
   \   00000006   0x0016             MOVS     R6,R2
    157              uint16 m=0; 
   \   00000008   0x2700             MOVS     R7,#+0
   \   0000000A   0xE000             B.N      ??uart_reN_0
    158              while (m < len)
    159              { 	          
    160            	    if(0==uart_re1(uartch,&buff[m]))
    161            	    	return 0;  //接收失败
    162            	    else m++;
   \                     ??uart_reN_1:
   \   0000000C   0x1C7F             ADDS     R7,R7,#+1
   \                     ??uart_reN_0:
   \   0000000E   0xB2BF             UXTH     R7,R7            ;; ZeroExt  R7,R7,#+16,#+16
   \   00000010   0xB2B6             UXTH     R6,R6            ;; ZeroExt  R6,R6,#+16,#+16
   \   00000012   0x42B7             CMP      R7,R6
   \   00000014   0xD208             BCS.N    ??uart_reN_2
   \   00000016   0xB2BF             UXTH     R7,R7            ;; ZeroExt  R7,R7,#+16,#+16
   \   00000018   0x1979             ADDS     R1,R7,R5
   \   0000001A   0x0020             MOVS     R0,R4
   \   0000001C   0x.... 0x....      BL       uart_re1
   \   00000020   0x2800             CMP      R0,#+0
   \   00000022   0xD1F3             BNE.N    ??uart_reN_1
   \   00000024   0x2000             MOVS     R0,#+0
   \   00000026   0xE000             B.N      ??uart_reN_3
    163              } 
    164              
    165              return 1;          //接收成功
   \                     ??uart_reN_2:
   \   00000028   0x2001             MOVS     R0,#+1
   \                     ??uart_reN_3:
   \   0000002A   0xBDF2             POP      {R1,R4-R7,PC}    ;; return
    166              
    167          }
    168          
    169          //-------------------------------------------------------------------------*
    170          //函数名: uart_sendN                                                       *
    171          //功  能: 串行 接收n个字节                                                 *
    172          //参  数: uartch: 串口号                                                   *
    173          //        buff: 发送缓冲区                                                 *
    174          //		  len:发送长度                                             *
    175          //返  回: 无                                                               *
    176          //说  明:                                                                  *
    177          //-------------------------------------------------------------------------*

   \                                 In section .text, align 2, keep-with-next
    178          void uart_sendN (UART_MemMapPtr uartch ,uint8* buff,uint16 len)
    179          {
   \                     uart_sendN:
   \   00000000   0xB5F8             PUSH     {R3-R7,LR}
   \   00000002   0x0004             MOVS     R4,R0
   \   00000004   0x000D             MOVS     R5,R1
   \   00000006   0x0016             MOVS     R6,R2
    180              int i;
    181          	for(i=0;i<len;i++)
   \   00000008   0x2700             MOVS     R7,#+0
   \   0000000A   0xE004             B.N      ??uart_sendN_0
    182              {
    183          		uart_send1(uartch,buff[i]);
   \                     ??uart_sendN_1:
   \   0000000C   0x5D79             LDRB     R1,[R7, R5]
   \   0000000E   0x0020             MOVS     R0,R4
   \   00000010   0x.... 0x....      BL       uart_send1
    184              }
   \   00000014   0x1C7F             ADDS     R7,R7,#+1
   \                     ??uart_sendN_0:
   \   00000016   0xB2B6             UXTH     R6,R6            ;; ZeroExt  R6,R6,#+16,#+16
   \   00000018   0x42B7             CMP      R7,R6
   \   0000001A   0xDBF7             BLT.N    ??uart_sendN_1
    185          }
   \   0000001C   0xBDF1             POP      {R0,R4-R7,PC}    ;; return
    186          
    187          //-------------------------------------------------------------------------*
    188          //函数名: enableuartreint                                                  *
    189          //功  能: 开串口接收中断                                                   *
    190          //参  数: uartch: 串口号                                                   *
    191          //        irqno: 对应irq号                                                 *
    192          //返  回: 无                                                               *
    193          //说  明:                                                                  *
    194          //-------------------------------------------------------------------------*

   \                                 In section .text, align 2, keep-with-next
    195          void enableuartreint(UART_MemMapPtr uartch,uint8 irqno)
    196          {
   \                     enableuartreint:
   \   00000000   0xB580             PUSH     {R7,LR}
    197          	UART_C2_REG(uartch)|=UART_C2_RIE_MASK;   //开放UART接收中断
   \   00000002   0x78C2             LDRB     R2,[R0, #+3]
   \   00000004   0xF052 0x0220      ORRS     R2,R2,#0x20
   \   00000008   0x70C2             STRB     R2,[R0, #+3]
    198          	enable_irq(irqno);			 //开接收引脚的IRQ中断
   \   0000000A   0xB2C9             UXTB     R1,R1            ;; ZeroExt  R1,R1,#+24,#+24
   \   0000000C   0x0008             MOVS     R0,R1
   \   0000000E   0x.... 0x....      BL       enable_irq
    199          }
   \   00000012   0xBD01             POP      {R0,PC}          ;; return
    200          
    201          //-------------------------------------------------------------------------*
    202          //函数名: disableuartreint                                                 *
    203          //功  能: 关串口接收中断                                                   *
    204          //参  数: uartch: 串口号                                                   *
    205          //        irqno: 对应irq号                                                 *
    206          //返  回: 无                                                               *
    207          //说  明:                                                                  *
    208          //-------------------------------------------------------------------------*

   \                                 In section .text, align 2, keep-with-next
    209          void disableuartreint(UART_MemMapPtr uartch,uint8 irqno)
    210          {
   \                     disableuartreint:
   \   00000000   0xB580             PUSH     {R7,LR}
    211          	UART_C2_REG(uartch)&=~UART_C2_RIE_MASK;   //禁止UART接收中断
   \   00000002   0x78C2             LDRB     R2,[R0, #+3]
   \   00000004   0xF012 0x02DF      ANDS     R2,R2,#0xDF
   \   00000008   0x70C2             STRB     R2,[R0, #+3]
    212          	disable_irq(irqno);			  //关接收引脚的IRQ中断
   \   0000000A   0xB2C9             UXTB     R1,R1            ;; ZeroExt  R1,R1,#+24,#+24
   \   0000000C   0x0008             MOVS     R0,R1
   \   0000000E   0x.... 0x....      BL       disable_irq
    213          }
   \   00000012   0xBD01             POP      {R0,PC}          ;; return
    214          

   \                                 In section .text, align 2, keep-with-next
    215          void Asc_send(uint16 data)
    216          {uint8 temp[5] = {0},i = 0;
   \                     Asc_send:
   \   00000000   0xB51C             PUSH     {R2-R4,LR}
   \   00000002   0xA900             ADD      R1,SP,#+0
   \   00000004   0x2200             MOVS     R2,#+0
   \   00000006   0x2300             MOVS     R3,#+0
   \   00000008   0xC10C             STM      R1!,{R2,R3}
   \   0000000A   0x3908             SUBS     R1,R1,#+8
   \   0000000C   0x2400             MOVS     R4,#+0
    217           temp[0] = data / 10000;
   \   0000000E   0xB280             UXTH     R0,R0            ;; ZeroExt  R0,R0,#+16,#+16
   \   00000010   0xF242 0x7110      MOVW     R1,#+10000
   \   00000014   0xFB90 0xF1F1      SDIV     R1,R0,R1
   \   00000018   0xF88D 0x1000      STRB     R1,[SP, #+0]
    218           temp[1] = data / 1000 % 10 ;
   \   0000001C   0xB280             UXTH     R0,R0            ;; ZeroExt  R0,R0,#+16,#+16
   \   0000001E   0xF44F 0x717A      MOV      R1,#+1000
   \   00000022   0xFB90 0xF1F1      SDIV     R1,R0,R1
   \   00000026   0x220A             MOVS     R2,#+10
   \   00000028   0xFB91 0xF3F2      SDIV     R3,R1,R2
   \   0000002C   0xFB02 0x1113      MLS      R1,R2,R3,R1
   \   00000030   0xF88D 0x1001      STRB     R1,[SP, #+1]
    219           temp[2] = data / 100 % 10 ;
   \   00000034   0xB280             UXTH     R0,R0            ;; ZeroExt  R0,R0,#+16,#+16
   \   00000036   0x2164             MOVS     R1,#+100
   \   00000038   0xFB90 0xF1F1      SDIV     R1,R0,R1
   \   0000003C   0x220A             MOVS     R2,#+10
   \   0000003E   0xFB91 0xF3F2      SDIV     R3,R1,R2
   \   00000042   0xFB02 0x1113      MLS      R1,R2,R3,R1
   \   00000046   0xF88D 0x1002      STRB     R1,[SP, #+2]
    220           temp[3] = data / 10 % 10; 
   \   0000004A   0xB280             UXTH     R0,R0            ;; ZeroExt  R0,R0,#+16,#+16
   \   0000004C   0x210A             MOVS     R1,#+10
   \   0000004E   0xFB90 0xF1F1      SDIV     R1,R0,R1
   \   00000052   0x220A             MOVS     R2,#+10
   \   00000054   0xFB91 0xF3F2      SDIV     R3,R1,R2
   \   00000058   0xFB02 0x1113      MLS      R1,R2,R3,R1
   \   0000005C   0xF88D 0x1003      STRB     R1,[SP, #+3]
    221           temp[4] = data  % 10;  
   \   00000060   0xB280             UXTH     R0,R0            ;; ZeroExt  R0,R0,#+16,#+16
   \   00000062   0x210A             MOVS     R1,#+10
   \   00000064   0xFB90 0xF2F1      SDIV     R2,R0,R1
   \   00000068   0xFB01 0x0012      MLS      R0,R1,R2,R0
   \   0000006C   0xF88D 0x0004      STRB     R0,[SP, #+4]
    222           
    223           for(i=0; i<5; i++)
   \   00000070   0x2000             MOVS     R0,#+0
   \   00000072   0x0004             MOVS     R4,R0
   \   00000074   0xE004             B.N      ??Asc_send_0
    224            { switch(temp[i])
    225                  { case 0: uart_send1 (UART1, 0x30);continue;
    226                    case 1: uart_send1 (UART1, 0x31);continue;
    227                    case 2: uart_send1 (UART1, 0x32);continue;
    228                    case 3: uart_send1 (UART1, 0x33);continue;
    229                    case 4: uart_send1 (UART1, 0x34);continue;
    230                    case 5: uart_send1 (UART1, 0x35);continue;
    231                    case 6: uart_send1 (UART1, 0x36);continue;
    232                    case 7: uart_send1 (UART1, 0x37);continue;
    233                    case 8: uart_send1 (UART1, 0x38);continue;
    234                    case 9: uart_send1 (UART1, 0x39);continue;
   \                     ??Asc_send_1:
   \   00000076   0x2139             MOVS     R1,#+57
   \   00000078   0x....             LDR.N    R0,??DataTable2_3  ;; 0x4006b000
   \   0000007A   0x.... 0x....      BL       uart_send1
   \                     ??Asc_send_2:
   \   0000007E   0x1C64             ADDS     R4,R4,#+1
   \                     ??Asc_send_0:
   \   00000080   0xB2E4             UXTB     R4,R4            ;; ZeroExt  R4,R4,#+24,#+24
   \   00000082   0x2C05             CMP      R4,#+5
   \   00000084   0xD240             BCS.N    ??Asc_send_3
   \   00000086   0xB2E4             UXTB     R4,R4            ;; ZeroExt  R4,R4,#+24,#+24
   \   00000088   0xA800             ADD      R0,SP,#+0
   \   0000008A   0x5C20             LDRB     R0,[R4, R0]
   \   0000008C   0x2800             CMP      R0,#+0
   \   0000008E   0xD00E             BEQ.N    ??Asc_send_4
   \   00000090   0x2802             CMP      R0,#+2
   \   00000092   0xD016             BEQ.N    ??Asc_send_5
   \   00000094   0xD310             BCC.N    ??Asc_send_6
   \   00000096   0x2804             CMP      R0,#+4
   \   00000098   0xD01D             BEQ.N    ??Asc_send_7
   \   0000009A   0xD317             BCC.N    ??Asc_send_8
   \   0000009C   0x2806             CMP      R0,#+6
   \   0000009E   0xD024             BEQ.N    ??Asc_send_9
   \   000000A0   0xD31E             BCC.N    ??Asc_send_10
   \   000000A2   0x2808             CMP      R0,#+8
   \   000000A4   0xD02B             BEQ.N    ??Asc_send_11
   \   000000A6   0xD325             BCC.N    ??Asc_send_12
   \   000000A8   0x2809             CMP      R0,#+9
   \   000000AA   0xD0E4             BEQ.N    ??Asc_send_1
   \   000000AC   0xE7E7             B.N      ??Asc_send_2
   \                     ??Asc_send_4:
   \   000000AE   0x2130             MOVS     R1,#+48
   \   000000B0   0x....             LDR.N    R0,??DataTable2_3  ;; 0x4006b000
   \   000000B2   0x.... 0x....      BL       uart_send1
   \   000000B6   0xE7E2             B.N      ??Asc_send_2
   \                     ??Asc_send_6:
   \   000000B8   0x2131             MOVS     R1,#+49
   \   000000BA   0x....             LDR.N    R0,??DataTable2_3  ;; 0x4006b000
   \   000000BC   0x.... 0x....      BL       uart_send1
   \   000000C0   0xE7DD             B.N      ??Asc_send_2
   \                     ??Asc_send_5:
   \   000000C2   0x2132             MOVS     R1,#+50
   \   000000C4   0x....             LDR.N    R0,??DataTable2_3  ;; 0x4006b000
   \   000000C6   0x.... 0x....      BL       uart_send1
   \   000000CA   0xE7D8             B.N      ??Asc_send_2
   \                     ??Asc_send_8:
   \   000000CC   0x2133             MOVS     R1,#+51
   \   000000CE   0x....             LDR.N    R0,??DataTable2_3  ;; 0x4006b000
   \   000000D0   0x.... 0x....      BL       uart_send1
   \   000000D4   0xE7D3             B.N      ??Asc_send_2
   \                     ??Asc_send_7:
   \   000000D6   0x2134             MOVS     R1,#+52
   \   000000D8   0x....             LDR.N    R0,??DataTable2_3  ;; 0x4006b000
   \   000000DA   0x.... 0x....      BL       uart_send1
   \   000000DE   0xE7CE             B.N      ??Asc_send_2
   \                     ??Asc_send_10:
   \   000000E0   0x2135             MOVS     R1,#+53
   \   000000E2   0x....             LDR.N    R0,??DataTable2_3  ;; 0x4006b000
   \   000000E4   0x.... 0x....      BL       uart_send1
   \   000000E8   0xE7C9             B.N      ??Asc_send_2
   \                     ??Asc_send_9:
   \   000000EA   0x2136             MOVS     R1,#+54
   \   000000EC   0x....             LDR.N    R0,??DataTable2_3  ;; 0x4006b000
   \   000000EE   0x.... 0x....      BL       uart_send1
   \   000000F2   0xE7C4             B.N      ??Asc_send_2
   \                     ??Asc_send_12:
   \   000000F4   0x2137             MOVS     R1,#+55
   \   000000F6   0x....             LDR.N    R0,??DataTable2_3  ;; 0x4006b000
   \   000000F8   0x.... 0x....      BL       uart_send1
   \   000000FC   0xE7BF             B.N      ??Asc_send_2
   \                     ??Asc_send_11:
   \   000000FE   0x2138             MOVS     R1,#+56
   \   00000100   0x....             LDR.N    R0,??DataTable2_3  ;; 0x4006b000
   \   00000102   0x.... 0x....      BL       uart_send1
   \   00000106   0xE7BA             B.N      ??Asc_send_2
    235                  }
    236            }
    237           //uart_send1 (UART1, '\r');
    238           //uart_send1 (UART1, '\n');
    239          }
   \                     ??Asc_send_3:
   \   00000108   0xBD13             POP      {R0,R1,R4,PC}    ;; return
    240          

   \                                 In section .text, align 2, keep-with-next
    241          void Send_Enter()
    242          {
   \                     Send_Enter:
   \   00000000   0xB580             PUSH     {R7,LR}
    243           uart_send1 (UART1, '\r');
   \   00000002   0x210D             MOVS     R1,#+13
   \   00000004   0x....             LDR.N    R0,??DataTable2_3  ;; 0x4006b000
   \   00000006   0x.... 0x....      BL       uart_send1
    244           uart_send1 (UART1, '\n');
   \   0000000A   0x210A             MOVS     R1,#+10
   \   0000000C   0x....             LDR.N    R0,??DataTable2_3  ;; 0x4006b000
   \   0000000E   0x.... 0x....      BL       uart_send1
    245          }
   \   00000012   0xBD01             POP      {R0,PC}          ;; return

   \                                 In section .text, align 4, keep-with-next
   \                     ??DataTable2:
   \   00000000   0x4006A000         DC32     0x4006a000

   \                                 In section .text, align 4, keep-with-next
   \                     ??DataTable2_1:
   \   00000000   0x4004C018         DC32     0x4004c018

   \                                 In section .text, align 4, keep-with-next
   \                     ??DataTable2_2:
   \   00000000   0x4004C01C         DC32     0x4004c01c

   \                                 In section .text, align 4, keep-with-next
   \                     ??DataTable2_3:
   \   00000000   0x4006B000         DC32     0x4006b000

   \                                 In section .text, align 4, keep-with-next
   \                     ??DataTable2_4:
   \   00000000   0x4004B010         DC32     0x4004b010

   \                                 In section .text, align 4, keep-with-next
   \                     ??DataTable2_5:
   \   00000000   0x4004B00C         DC32     0x4004b00c

   \                                 In section .text, align 4, keep-with-next
   \                     ??DataTable2_6:
   \   00000000   0x4006C000         DC32     0x4006c000

   \                                 In section .text, align 4, keep-with-next
   \                     ??DataTable2_7:
   \   00000000   0x4004C00C         DC32     0x4004c00c

   \                                 In section .text, align 4, keep-with-next
   \                     ??DataTable2_8:
   \   00000000   0x4004C008         DC32     0x4004c008

   \                                 In section .text, align 4, keep-with-next
   \                     ??DataTable2_9:
   \   00000000   0x4006D000         DC32     0x4006d000

   \                                 In section .text, align 4, keep-with-next
   \                     ??DataTable2_10:
   \   00000000   0x4004B044         DC32     0x4004b044

   \                                 In section .text, align 4, keep-with-next
   \                     ??DataTable2_11:
   \   00000000   0x4004B040         DC32     0x4004b040

   \                                 In section .text, align 4, keep-with-next
   \                     ??DataTable2_12:
   \   00000000   0x400EA000         DC32     0x400ea000

   \                                 In section .text, align 4, keep-with-next
   \                     ??DataTable2_13:
   \   00000000   0x4004D060         DC32     0x4004d060

   \                                 In section .text, align 4, keep-with-next
   \                     ??DataTable2_14:
   \   00000000   0x4004D064         DC32     0x4004d064

   \                                 In section .text, align 4, keep-with-next
   \                     ??DataTable2_15:
   \   00000000   0x400EB000         DC32     0x400eb000

   \                                 In section .text, align 4, keep-with-next
   \                     ??DataTable2_16:
   \   00000000   0x4004D020         DC32     0x4004d020

   \                                 In section .text, align 4, keep-with-next
   \                     ??DataTable2_17:
   \   00000000   0x4004D024         DC32     0x4004d024

   \                                 In section .text, align 4, keep-with-next
   \                     ??DataTable2_18:
   \   00000000   0x40048034         DC32     0x40048034

   \                                 In section .text, align 4, keep-with-next
   \                     ??DataTable2_19:
   \   00000000   0x40048028         DC32     0x40048028

   \                                 In section .rodata, align 4
   \   00000000   0x00 0x00          DC8 0, 0, 0, 0, 0, 0, 0, 0
   \              0x00 0x00    
   \              0x00 0x00    
   \              0x00 0x00    
    246          
    247          
    248          
    249          
    250          
    251          
    252          
    253          
    254          
    255          
    256          

   Maximum stack usage in bytes:

   .cstack Function
   ------- --------
       16  Asc_send
             16 -> uart_send1
        8  Send_Enter
              8 -> uart_send1
        8  disableuartreint
              8 -> disable_irq
        8  enableuartreint
              8 -> enable_irq
        8  uart_init
        0  uart_re1
       24  uart_reN
             24 -> uart_re1
        0  uart_send1
       24  uart_sendN
             24 -> uart_send1


   Section sizes:

   Bytes  Function/Label
   -----  --------------
       8  ?<Constant {0}>
       4  ??DataTable2
       4  ??DataTable2_1
       4  ??DataTable2_10
       4  ??DataTable2_11
       4  ??DataTable2_12
       4  ??DataTable2_13
       4  ??DataTable2_14
       4  ??DataTable2_15
       4  ??DataTable2_16
       4  ??DataTable2_17
       4  ??DataTable2_18
       4  ??DataTable2_19
       4  ??DataTable2_2
       4  ??DataTable2_3
       4  ??DataTable2_4
       4  ??DataTable2_5
       4  ??DataTable2_6
       4  ??DataTable2_7
       4  ??DataTable2_8
       4  ??DataTable2_9
     266  Asc_send
      20  Send_Enter
      20  disableuartreint
      20  enableuartreint
     398  uart_init
      44  uart_re1
      44  uart_reN
      10  uart_send1
      30  uart_sendN

 
   8 bytes in section .rodata
 932 bytes in section .text
 
 932 bytes of CODE  memory
   8 bytes of CONST memory

Errors: none
Warnings: none
