###############################################################################
#                                                                             #
# IAR ANSI C/C++ Compiler V6.10.1.52143/W32 for ARM     28/Apr/2012  19:46:11 #
# Copyright 1999-2010 IAR Systems AB.                                         #
#                                                                             #
#    Cpu mode     =  thumb                                                    #
#    Endian       =  little                                                   #
#    Source file  =  C:\Documents and Settings\Administrator\iar\Myproject\42 #
#                    8IIC\src\Sources\C\main.c                                #
#    Command line =  "C:\Documents and Settings\Administrator\iar\Myproject\4 #
#                    28IIC\src\Sources\C\main.c" -D IAR -D TWR_K60N512 -lCN   #
#                    "C:\Documents and Settings\Administrator\iar\Myproject\4 #
#                    28IIC\bin\Ram\List\" -lB "C:\Documents and               #
#                    Settings\Administrator\iar\Myproject\428IIC\bin\Ram\List #
#                    \" -o "C:\Documents and Settings\Administrator\iar\Mypro #
#                    ject\428IIC\bin\Ram\Obj\" --no_cse --no_unroll           #
#                    --no_inline --no_code_motion --no_tbaa --no_clustering   #
#                    --no_scheduling --debug --endian=little --cpu=Cortex-M4  #
#                    -e --fpu=None --dlib_config "D:\IAR Systems\Embedded     #
#                    Workbench 6.0\arm\INC\c\DLib_Config_Normal.h" -I         #
#                    "C:\Documents and Settings\Administrator\iar\Myproject\4 #
#                    28IIC\src\Sources\H\" -I "C:\Documents and               #
#                    Settings\Administrator\iar\Myproject\428IIC\src\Sources\ #
#                    H\Component_H\" -I "C:\Documents and                     #
#                    Settings\Administrator\iar\Myproject\428IIC\src\Sources\ #
#                    H\Frame_H\" -Ol --use_c++_inline                         #
#    List file    =  C:\Documents and Settings\Administrator\iar\Myproject\42 #
#                    8IIC\bin\Ram\List\main.lst                               #
#    Object file  =  C:\Documents and Settings\Administrator\iar\Myproject\42 #
#                    8IIC\bin\Ram\Obj\main.o                                  #
#                                                                             #
#                                                                             #
###############################################################################

C:\Documents and Settings\Administrator\iar\Myproject\428IIC\src\Sources\C\main.c
      1          ////////////////////////////////////////////////////////////////////////////////
      2          /////////////////////////////426IIC////////////////////////////////////////////
      3          ////////////////////////////////////////////////////////////////////////////////
      4          //头文件
      5          #include "includes.h"
      6          
      7          //extern void pllinit180M();
      8          

   \                                 In section .text, align 4, keep-with-next
      9          void main(void)
     10          {
   \                     main:
   \   00000000   80B5               PUSH     {R7,LR}
     11              //1 主程序使用的变量定义
     12          
     13             
     14              //2 关中断
     15              DisableInterrupts;      //禁止总中断
   \   00000002   72B6               CPSID i         
     16             
     17              hw_i2c_init(0);                                   //I2C0初始化
   \   00000004   0020               MOVS     R0,#+0
   \   00000006   ........           BL       hw_i2c_init
     18              
     19              hw_gpio_init (PORT_A,15,1,1);                      //PORTA15输出口
   \   0000000A   0123               MOVS     R3,#+1
   \   0000000C   0122               MOVS     R2,#+1
   \   0000000E   0F21               MOVS     R1,#+15
   \   00000010   0020               MOVS     R0,#+0
   \   00000012   ........           BL       hw_gpio_init
     20              
     21              uart_init (UART0,periph_clk_khz,9600);            //串口0波特率9600 	         
   \   00000016   4FF41652           MOV      R2,#+9600
   \   0000001A   1348               LDR.N    R0,??main_0
   \   0000001C   0168               LDR      R1,[R0, #+0]
   \   0000001E   1348               LDR.N    R0,??main_0+0x4  ;; 0x4006a000
   \   00000020   ........           BL       uart_init
     22              uart_init (UART1,periph_clk_khz,57600);	     //串口1波特率57600
   \   00000024   4FF46142           MOV      R2,#+57600
   \   00000028   0F48               LDR.N    R0,??main_0
   \   0000002A   0168               LDR      R1,[R0, #+0]
   \   0000002C   1048               LDR.N    R0,??main_0+0x8  ;; 0x4006b000
   \   0000002E   ........           BL       uart_init
     23              enableuartreint(UART0,UART0irq);	             //串口0中断使能
   \   00000032   2D21               MOVS     R1,#+45
   \   00000034   0D48               LDR.N    R0,??main_0+0x4  ;; 0x4006a000
   \   00000036   ........           BL       enableuartreint
     24              enableuartreint(UART1,UART1irq);		     //串口1中断使能  
   \   0000003A   2F21               MOVS     R1,#+47
   \   0000003C   0C48               LDR.N    R0,??main_0+0x8  ;; 0x4006b000
   \   0000003E   ........           BL       enableuartreint
     25              
     26              hw_pit_init(0,periph_clk_khz * T);                //初始化pit0，周期20ms
   \   00000042   0948               LDR.N    R0,??main_0
   \   00000044   0068               LDR      R0,[R0, #+0]
   \   00000046   1421               MOVS     R1,#+20
   \   00000048   01FB00F1           MUL      R1,R1,R0
   \   0000004C   0020               MOVS     R0,#+0
   \   0000004E   ........           BL       hw_pit_init
     27              enable_pit_interrupt(PIT0);                      //开pit中断
   \   00000052   0020               MOVS     R0,#+0
   \   00000054   ........           BL       enable_pit_interrupt
     28             
     29              hw_FTM_init();                                   //PWM初始化 
   \   00000058   ........           BL       hw_FTM_init
     30                                               
     31              Init_L3G4200D();
   \   0000005C   ........           BL       Init_L3G4200D
     32              Init_ADXL345();
   \   00000060   ........           BL       Init_ADXL345
     33          
     34              EnableInterrupts;			             //开总中断
   \   00000064   62B6               CPSIE i         
     35              
     36            
     37          
     38          
     39              ////////////
     40              //主循环
     41              while(1)
   \                     ??main_1:
   \   00000066   FEE7               B.N      ??main_1
   \                     ??main_0:
   \   00000068   ........           DC32     periph_clk_khz
   \   0000006C   00A00640           DC32     0x4006a000
   \   00000070   00B00640           DC32     0x4006b000
     42              {   //hw_gpio_reverse(PORT_A,15);
     43          	//Delay_Nms(5);	
     44              }
     45          }
     46          
     47          
     48          
     49          

   Maximum stack usage in bytes:

     Function .cstack
     -------- -------
     main          8


   Section sizes:

     Function/Label Bytes
     -------------- -----
     main            116

 
 116 bytes in section .text
 
 116 bytes of CODE memory

Errors: none
Warnings: none
